ARM GAS  C:\Users\sangt\AppData\Local\Temp\ccYW6m5C.s 			page 1


   1              		.cpu cortex-m4
   2              		.arch armv7e-m
   3              		.fpu fpv4-sp-d16
   4              		.eabi_attribute 27, 1
   5              		.eabi_attribute 28, 1
   6              		.eabi_attribute 20, 1
   7              		.eabi_attribute 21, 1
   8              		.eabi_attribute 23, 3
   9              		.eabi_attribute 24, 1
  10              		.eabi_attribute 25, 1
  11              		.eabi_attribute 26, 1
  12              		.eabi_attribute 30, 1
  13              		.eabi_attribute 34, 1
  14              		.eabi_attribute 18, 4
  15              		.file	"ST_MPU6050.c"
  16              		.text
  17              	.Ltext0:
  18              		.cfi_sections	.debug_frame
  19              		.section	.text.MPU6050_Read,"ax",%progbits
  20              		.align	1
  21              		.global	MPU6050_Read
  22              		.syntax unified
  23              		.thumb
  24              		.thumb_func
  26              	MPU6050_Read:
  27              	.LVL0:
  28              	.LFB235:
  29              		.file 1 "Drivers/MPU6050/Src/ST_MPU6050.c"
   1:Drivers/MPU6050/Src/ST_MPU6050.c **** /*
   2:Drivers/MPU6050/Src/ST_MPU6050.c **** Library:                MPU6050 - Accelerometer and gyroscope -  for ST Microntroller
   3:Drivers/MPU6050/Src/ST_MPU6050.c **** Written by:             Sang Truong Tan
   4:Drivers/MPU6050/Src/ST_MPU6050.c **** Date Written:           03/26/2021
   5:Drivers/MPU6050/Src/ST_MPU6050.c **** Last modified:      04/06/2021
   6:Drivers/MPU6050/Src/ST_MPU6050.c **** Description:
   7:Drivers/MPU6050/Src/ST_MPU6050.c **** References:
   8:Drivers/MPU6050/Src/ST_MPU6050.c ****             1) STM Devices
   9:Drivers/MPU6050/Src/ST_MPU6050.c **** 
  10:Drivers/MPU6050/Src/ST_MPU6050.c ****             2) MPU6050 datasheet
  11:Drivers/MPU6050/Src/ST_MPU6050.c ****                   https://invensense.tdk.com/wp-content/uploads/2015/02/MPU-6000-Datasheet1.pdf
  12:Drivers/MPU6050/Src/ST_MPU6050.c **** 
  13:Drivers/MPU6050/Src/ST_MPU6050.c **** *Copyright (C) 2021 - TTSang
  14:Drivers/MPU6050/Src/ST_MPU6050.c ****    This is a free software under the GNU license, you can redistribute it and/or modify it under th
  15:Drivers/MPU6050/Src/ST_MPU6050.c ****    of the GNU General Public Licenseversion 3 as published by the Free Software Foundation.
  16:Drivers/MPU6050/Src/ST_MPU6050.c **** 
  17:Drivers/MPU6050/Src/ST_MPU6050.c ****    This software library is shared with puplic for educational purposes, without WARRANTY and Autho
  18:Drivers/MPU6050/Src/ST_MPU6050.c ****    or indirectly by this software, read more about this on the GNU General Public License.
  19:Drivers/MPU6050/Src/ST_MPU6050.c **** */
  20:Drivers/MPU6050/Src/ST_MPU6050.c **** 
  21:Drivers/MPU6050/Src/ST_MPU6050.c **** 
  22:Drivers/MPU6050/Src/ST_MPU6050.c **** /********************* Header files *********************/
  23:Drivers/MPU6050/Src/ST_MPU6050.c **** #include        "ST_MPU6050.h"
  24:Drivers/MPU6050/Src/ST_MPU6050.c **** 
  25:Drivers/MPU6050/Src/ST_MPU6050.c **** 
  26:Drivers/MPU6050/Src/ST_MPU6050.c **** /********************* Global Variable *********************/
  27:Drivers/MPU6050/Src/ST_MPU6050.c **** float Mpu6050_AcceSensi = MPU6050_ACCE_SENSI_2G;
  28:Drivers/MPU6050/Src/ST_MPU6050.c **** 
  29:Drivers/MPU6050/Src/ST_MPU6050.c **** float Mpu6050_GyroSensi = MPU6050_GYRO_SENSI_250DPS;
ARM GAS  C:\Users\sangt\AppData\Local\Temp\ccYW6m5C.s 			page 2


  30:Drivers/MPU6050/Src/ST_MPU6050.c **** 
  31:Drivers/MPU6050/Src/ST_MPU6050.c **** I2C_HandleTypeDef mpuhi2c;
  32:Drivers/MPU6050/Src/ST_MPU6050.c **** 
  33:Drivers/MPU6050/Src/ST_MPU6050.c **** static MPU6050_State State;
  34:Drivers/MPU6050/Src/ST_MPU6050.c **** static MPU6050_AcceDataRaw AccRaw;
  35:Drivers/MPU6050/Src/ST_MPU6050.c **** static MPU6050_AcceDataScaled AccScaled;
  36:Drivers/MPU6050/Src/ST_MPU6050.c **** static MPU6050_GyroDataRaw GyroRaw;
  37:Drivers/MPU6050/Src/ST_MPU6050.c **** static MPU6050_GyroDataScaled GyroScaled;
  38:Drivers/MPU6050/Src/ST_MPU6050.c **** 
  39:Drivers/MPU6050/Src/ST_MPU6050.c **** MPU6050_handle_t mpuHandle;
  40:Drivers/MPU6050/Src/ST_MPU6050.c **** /******************** Function Definitions *********************/
  41:Drivers/MPU6050/Src/ST_MPU6050.c **** 
  42:Drivers/MPU6050/Src/ST_MPU6050.c **** //1. Read Register
  43:Drivers/MPU6050/Src/ST_MPU6050.c **** void MPU6050_Read (uint8_t* ui8pDataR, uint8_t ui8Add, uint8_t ui8size)
  44:Drivers/MPU6050/Src/ST_MPU6050.c **** {
  30              		.loc 1 44 1 view -0
  31              		.cfi_startproc
  32              		@ args = 0, pretend = 0, frame = 0
  33              		@ frame_needed = 0, uses_anonymous_args = 0
  34              		.loc 1 44 1 is_stmt 0 view .LVU1
  35 0000 00B5     		push	{lr}
  36              	.LCFI0:
  37              		.cfi_def_cfa_offset 4
  38              		.cfi_offset 14, -4
  39 0002 85B0     		sub	sp, sp, #20
  40              	.LCFI1:
  41              		.cfi_def_cfa_offset 24
  45:Drivers/MPU6050/Src/ST_MPU6050.c ****      HAL_I2C_Mem_Read(&mpuhi2c, MPU6050_Adress, ui8Add, 1, ui8pDataR, ui8size, 10);
  42              		.loc 1 45 6 is_stmt 1 view .LVU2
  43 0004 0A23     		movs	r3, #10
  44 0006 0293     		str	r3, [sp, #8]
  45 0008 0192     		str	r2, [sp, #4]
  46 000a 0090     		str	r0, [sp]
  47 000c 0123     		movs	r3, #1
  48 000e 0A46     		mov	r2, r1
  49              	.LVL1:
  50              		.loc 1 45 6 is_stmt 0 view .LVU3
  51 0010 D021     		movs	r1, #208
  52              	.LVL2:
  53              		.loc 1 45 6 view .LVU4
  54 0012 0348     		ldr	r0, .L3
  55              	.LVL3:
  56              		.loc 1 45 6 view .LVU5
  57 0014 FFF7FEFF 		bl	HAL_I2C_Mem_Read
  58              	.LVL4:
  46:Drivers/MPU6050/Src/ST_MPU6050.c **** }
  59              		.loc 1 46 1 view .LVU6
  60 0018 05B0     		add	sp, sp, #20
  61              	.LCFI2:
  62              		.cfi_def_cfa_offset 4
  63              		@ sp needed
  64 001a 5DF804FB 		ldr	pc, [sp], #4
  65              	.L4:
  66 001e 00BF     		.align	2
  67              	.L3:
  68 0020 00000000 		.word	.LANCHOR0
  69              		.cfi_endproc
ARM GAS  C:\Users\sangt\AppData\Local\Temp\ccYW6m5C.s 			page 3


  70              	.LFE235:
  72              		.section	.text.MPU6050_Write,"ax",%progbits
  73              		.align	1
  74              		.global	MPU6050_Write
  75              		.syntax unified
  76              		.thumb
  77              		.thumb_func
  79              	MPU6050_Write:
  80              	.LVL5:
  81              	.LFB236:
  47:Drivers/MPU6050/Src/ST_MPU6050.c **** 
  48:Drivers/MPU6050/Src/ST_MPU6050.c **** //2. Write Register
  49:Drivers/MPU6050/Src/ST_MPU6050.c **** void MPU6050_Write (uint8_t* ui8pDataW, uint8_t ui8Add, uint8_t ui8size)
  50:Drivers/MPU6050/Src/ST_MPU6050.c **** {
  82              		.loc 1 50 1 is_stmt 1 view -0
  83              		.cfi_startproc
  84              		@ args = 0, pretend = 0, frame = 0
  85              		@ frame_needed = 0, uses_anonymous_args = 0
  86              		.loc 1 50 1 is_stmt 0 view .LVU8
  87 0000 00B5     		push	{lr}
  88              	.LCFI3:
  89              		.cfi_def_cfa_offset 4
  90              		.cfi_offset 14, -4
  91 0002 85B0     		sub	sp, sp, #20
  92              	.LCFI4:
  93              		.cfi_def_cfa_offset 24
  51:Drivers/MPU6050/Src/ST_MPU6050.c ****     HAL_I2C_Mem_Write(&mpuhi2c, MPU6050_Adress, ui8Add, 1, ui8pDataW, ui8size, 10);
  94              		.loc 1 51 5 is_stmt 1 view .LVU9
  95 0004 0A23     		movs	r3, #10
  96 0006 0293     		str	r3, [sp, #8]
  97 0008 0192     		str	r2, [sp, #4]
  98 000a 0090     		str	r0, [sp]
  99 000c 0123     		movs	r3, #1
 100 000e 0A46     		mov	r2, r1
 101              	.LVL6:
 102              		.loc 1 51 5 is_stmt 0 view .LVU10
 103 0010 D021     		movs	r1, #208
 104              	.LVL7:
 105              		.loc 1 51 5 view .LVU11
 106 0012 0348     		ldr	r0, .L7
 107              	.LVL8:
 108              		.loc 1 51 5 view .LVU12
 109 0014 FFF7FEFF 		bl	HAL_I2C_Mem_Write
 110              	.LVL9:
  52:Drivers/MPU6050/Src/ST_MPU6050.c **** }
 111              		.loc 1 52 1 view .LVU13
 112 0018 05B0     		add	sp, sp, #20
 113              	.LCFI5:
 114              		.cfi_def_cfa_offset 4
 115              		@ sp needed
 116 001a 5DF804FB 		ldr	pc, [sp], #4
 117              	.L8:
 118 001e 00BF     		.align	2
 119              	.L7:
 120 0020 00000000 		.word	.LANCHOR0
 121              		.cfi_endproc
 122              	.LFE236:
ARM GAS  C:\Users\sangt\AppData\Local\Temp\ccYW6m5C.s 			page 4


 124              		.section	.text.MPU6050_Init,"ax",%progbits
 125              		.align	1
 126              		.global	MPU6050_Init
 127              		.syntax unified
 128              		.thumb
 129              		.thumb_func
 131              	MPU6050_Init:
 132              	.LVL10:
 133              	.LFB237:
  53:Drivers/MPU6050/Src/ST_MPU6050.c **** //3. MPU6050 Initialize
  54:Drivers/MPU6050/Src/ST_MPU6050.c **** 
  55:Drivers/MPU6050/Src/ST_MPU6050.c **** MPU6050_State MPU6050_Init (MPU6050_InitTypedef mpuInitTypeDef, I2C_HandleTypeDef* i2cHandle)
  56:Drivers/MPU6050/Src/ST_MPU6050.c **** {
 134              		.loc 1 56 1 is_stmt 1 view -0
 135              		.cfi_startproc
 136              		@ args = 0, pretend = 0, frame = 16
 137              		@ frame_needed = 0, uses_anonymous_args = 0
 138              		.loc 1 56 1 is_stmt 0 view .LVU15
 139 0000 70B5     		push	{r4, r5, r6, lr}
 140              	.LCFI6:
 141              		.cfi_def_cfa_offset 16
 142              		.cfi_offset 4, -16
 143              		.cfi_offset 5, -12
 144              		.cfi_offset 6, -8
 145              		.cfi_offset 14, -4
 146 0002 84B0     		sub	sp, sp, #16
 147              	.LCFI7:
 148              		.cfi_def_cfa_offset 32
 149 0004 0190     		str	r0, [sp, #4]
  57:Drivers/MPU6050/Src/ST_MPU6050.c ****     uint8_t ui8buffer;
 150              		.loc 1 57 5 is_stmt 1 view .LVU16
  58:Drivers/MPU6050/Src/ST_MPU6050.c ****     uint32_t i=0;
 151              		.loc 1 58 5 view .LVU17
 152              	.LVL11:
  59:Drivers/MPU6050/Src/ST_MPU6050.c ****     //I2c Handle Typedef
  60:Drivers/MPU6050/Src/ST_MPU6050.c ****     memcpy(&mpuhi2c, i2cHandle, sizeof(*i2cHandle));
 153              		.loc 1 60 5 view .LVU18
 154 0006 5B4C     		ldr	r4, .L29
 155 0008 5422     		movs	r2, #84
 156 000a 2046     		mov	r0, r4
 157 000c FFF7FEFF 		bl	memcpy
 158              	.LVL12:
  61:Drivers/MPU6050/Src/ST_MPU6050.c ****     mpuHandle.Init = mpuInitTypeDef;
 159              		.loc 1 61 5 view .LVU19
 160              		.loc 1 61 20 is_stmt 0 view .LVU20
 161 0010 594B     		ldr	r3, .L29+4
 162 0012 019A     		ldr	r2, [sp, #4]
 163 0014 1A81     		strh	r2, [r3, #8]	@ movhi
 164 0016 120C     		lsrs	r2, r2, #16
 165 0018 9A72     		strb	r2, [r3, #10]
  62:Drivers/MPU6050/Src/ST_MPU6050.c ****     mpuHandle.State = &State;
 166              		.loc 1 62 5 is_stmt 1 view .LVU21
 167              		.loc 1 62 21 is_stmt 0 view .LVU22
 168 001a 584A     		ldr	r2, .L29+8
 169 001c 5A60     		str	r2, [r3, #4]
  63:Drivers/MPU6050/Src/ST_MPU6050.c ****     mpuHandle.hi2c = &mpuhi2c;
 170              		.loc 1 63 5 is_stmt 1 view .LVU23
ARM GAS  C:\Users\sangt\AppData\Local\Temp\ccYW6m5C.s 			page 5


 171              		.loc 1 63 20 is_stmt 0 view .LVU24
 172 001e 1C60     		str	r4, [r3]
  64:Drivers/MPU6050/Src/ST_MPU6050.c ****     mpuHandle.AccRaw = &AccRaw;
 173              		.loc 1 64 5 is_stmt 1 view .LVU25
 174              		.loc 1 64 22 is_stmt 0 view .LVU26
 175 0020 574A     		ldr	r2, .L29+12
 176 0022 DA60     		str	r2, [r3, #12]
  65:Drivers/MPU6050/Src/ST_MPU6050.c ****     mpuHandle.AccScaled = &AccScaled;
 177              		.loc 1 65 5 is_stmt 1 view .LVU27
 178              		.loc 1 65 25 is_stmt 0 view .LVU28
 179 0024 574A     		ldr	r2, .L29+16
 180 0026 1A61     		str	r2, [r3, #16]
  66:Drivers/MPU6050/Src/ST_MPU6050.c ****     mpuHandle.GyroRaw = &GyroRaw;
 181              		.loc 1 66 5 is_stmt 1 view .LVU29
 182              		.loc 1 66 23 is_stmt 0 view .LVU30
 183 0028 574A     		ldr	r2, .L29+20
 184 002a 5A61     		str	r2, [r3, #20]
  67:Drivers/MPU6050/Src/ST_MPU6050.c ****     mpuHandle.GyroScaled = &GyroScaled;
 185              		.loc 1 67 5 is_stmt 1 view .LVU31
 186              		.loc 1 67 26 is_stmt 0 view .LVU32
 187 002c 574A     		ldr	r2, .L29+24
 188 002e 9A61     		str	r2, [r3, #24]
  68:Drivers/MPU6050/Src/ST_MPU6050.c ****     //Read Who AM I Register
  69:Drivers/MPU6050/Src/ST_MPU6050.c ****     MPU6050_Read(&ui8buffer, MPU6050_WHO_AM_I_REG, 1);
 189              		.loc 1 69 5 is_stmt 1 view .LVU33
 190 0030 0122     		movs	r2, #1
 191 0032 7521     		movs	r1, #117
 192 0034 0DF10F00 		add	r0, sp, #15
 193 0038 FFF7FEFF 		bl	MPU6050_Read
 194              	.LVL13:
  70:Drivers/MPU6050/Src/ST_MPU6050.c ****     if (ui8buffer != 0x68)
 195              		.loc 1 70 5 view .LVU34
 196              		.loc 1 70 19 is_stmt 0 view .LVU35
 197 003c 9DF80F30 		ldrb	r3, [sp, #15]	@ zero_extendqisi2
 198              		.loc 1 70 8 view .LVU36
 199 0040 682B     		cmp	r3, #104
 200 0042 03D0     		beq	.L28
  71:Drivers/MPU6050/Src/ST_MPU6050.c ****         return MPU6050_ID_ERROR;
 201              		.loc 1 71 16 view .LVU37
 202 0044 0124     		movs	r4, #1
 203              	.LVL14:
 204              	.L10:
  72:Drivers/MPU6050/Src/ST_MPU6050.c ****     //Reset IMU
  73:Drivers/MPU6050/Src/ST_MPU6050.c ****     MPU6050_Read(&ui8buffer, MPU6050_PWR_MGMT_1_REG, 1);
  74:Drivers/MPU6050/Src/ST_MPU6050.c ****     ui8buffer |= 0x80;
  75:Drivers/MPU6050/Src/ST_MPU6050.c ****     MPU6050_Write(&ui8buffer, MPU6050_PWR_MGMT_1_REG, 1);
  76:Drivers/MPU6050/Src/ST_MPU6050.c ****     for(i = 0; i < 2400000; i++)
  77:Drivers/MPU6050/Src/ST_MPU6050.c ****     {
  78:Drivers/MPU6050/Src/ST_MPU6050.c ****     	asm("NOP");
  79:Drivers/MPU6050/Src/ST_MPU6050.c ****     }
  80:Drivers/MPU6050/Src/ST_MPU6050.c **** 
  81:Drivers/MPU6050/Src/ST_MPU6050.c ****     ui8buffer = 0x08;           //Enable IMU
  82:Drivers/MPU6050/Src/ST_MPU6050.c ****     MPU6050_Write(&ui8buffer, MPU6050_PWR_MGMT_1_REG, 1);
  83:Drivers/MPU6050/Src/ST_MPU6050.c ****     //Setting Accelerometer full scale range
  84:Drivers/MPU6050/Src/ST_MPU6050.c ****     ui8buffer = 0x00;
  85:Drivers/MPU6050/Src/ST_MPU6050.c ****     ui8buffer |= mpuInitTypeDef.ui8AcceFullScale;
  86:Drivers/MPU6050/Src/ST_MPU6050.c ****     MPU6050_Write(&ui8buffer, MPU6050_ACCEL_CONFIG_REG, 1);
ARM GAS  C:\Users\sangt\AppData\Local\Temp\ccYW6m5C.s 			page 6


  87:Drivers/MPU6050/Src/ST_MPU6050.c **** 
  88:Drivers/MPU6050/Src/ST_MPU6050.c ****     //Setting Gyroscope full scale range
  89:Drivers/MPU6050/Src/ST_MPU6050.c ****     ui8buffer = 0x00;
  90:Drivers/MPU6050/Src/ST_MPU6050.c ****     ui8buffer |= mpuInitTypeDef.ui8GyroFullScale;
  91:Drivers/MPU6050/Src/ST_MPU6050.c ****     MPU6050_Write(&ui8buffer, MPU6050_GYRO_CONFIG_REG, 1);
  92:Drivers/MPU6050/Src/ST_MPU6050.c **** 
  93:Drivers/MPU6050/Src/ST_MPU6050.c ****     //Setting Digital Low Pass Filter
  94:Drivers/MPU6050/Src/ST_MPU6050.c ****     ui8buffer = 0x00;
  95:Drivers/MPU6050/Src/ST_MPU6050.c ****     ui8buffer |= mpuInitTypeDef.ui8DLPF;
  96:Drivers/MPU6050/Src/ST_MPU6050.c ****     MPU6050_Write(&ui8buffer, MPU6050_CONFIG_REG, 1);
  97:Drivers/MPU6050/Src/ST_MPU6050.c **** 
  98:Drivers/MPU6050/Src/ST_MPU6050.c ****     //Setting sensitivity for Accelerometer
  99:Drivers/MPU6050/Src/ST_MPU6050.c ****     switch (mpuInitTypeDef.ui8AcceFullScale)
 100:Drivers/MPU6050/Src/ST_MPU6050.c ****     {
 101:Drivers/MPU6050/Src/ST_MPU6050.c ****         case MPU6050_ACCE_FULLSCALE_2G:
 102:Drivers/MPU6050/Src/ST_MPU6050.c ****             Mpu6050_AcceSensi = MPU6050_ACCE_SENSI_2G;
 103:Drivers/MPU6050/Src/ST_MPU6050.c ****             break;
 104:Drivers/MPU6050/Src/ST_MPU6050.c ****         case MPU6050_ACCE_FULLSCALE_4G:
 105:Drivers/MPU6050/Src/ST_MPU6050.c ****             Mpu6050_AcceSensi = MPU6050_ACCE_SENSI_4G;
 106:Drivers/MPU6050/Src/ST_MPU6050.c ****             break;
 107:Drivers/MPU6050/Src/ST_MPU6050.c ****         case MPU6050_ACCE_FULLSCALE_8G:
 108:Drivers/MPU6050/Src/ST_MPU6050.c ****             Mpu6050_AcceSensi = MPU6050_ACCE_SENSI_8G;
 109:Drivers/MPU6050/Src/ST_MPU6050.c ****             break;
 110:Drivers/MPU6050/Src/ST_MPU6050.c ****         case MPU6050_ACCE_FULLSCALE_16G:
 111:Drivers/MPU6050/Src/ST_MPU6050.c ****             Mpu6050_AcceSensi = MPU6050_ACCE_SENSI_16G;
 112:Drivers/MPU6050/Src/ST_MPU6050.c ****             break;
 113:Drivers/MPU6050/Src/ST_MPU6050.c ****         default:
 114:Drivers/MPU6050/Src/ST_MPU6050.c ****             return MPU6050_ACCE_FULLSCALED_ERROR;
 115:Drivers/MPU6050/Src/ST_MPU6050.c ****     }
 116:Drivers/MPU6050/Src/ST_MPU6050.c **** 
 117:Drivers/MPU6050/Src/ST_MPU6050.c ****     switch (mpuInitTypeDef.ui8GyroFullScale)
 118:Drivers/MPU6050/Src/ST_MPU6050.c ****     {
 119:Drivers/MPU6050/Src/ST_MPU6050.c ****         case MPU6050_GYRO_FULLSCALE_250DPS:
 120:Drivers/MPU6050/Src/ST_MPU6050.c ****             Mpu6050_GyroSensi = MPU6050_GYRO_SENSI_250DPS;
 121:Drivers/MPU6050/Src/ST_MPU6050.c ****             break;
 122:Drivers/MPU6050/Src/ST_MPU6050.c ****         case MPU6050_GYRO_FULLSCALE_500DPS:
 123:Drivers/MPU6050/Src/ST_MPU6050.c ****             Mpu6050_GyroSensi = MPU6050_GYRO_SENSI_500DPS;
 124:Drivers/MPU6050/Src/ST_MPU6050.c ****             break;
 125:Drivers/MPU6050/Src/ST_MPU6050.c ****         case MPU6050_GYRO_FULLSCALE_1000DPS:
 126:Drivers/MPU6050/Src/ST_MPU6050.c ****             Mpu6050_GyroSensi = MPU6050_GYRO_SENSI_1000DPS;
 127:Drivers/MPU6050/Src/ST_MPU6050.c ****             break;
 128:Drivers/MPU6050/Src/ST_MPU6050.c ****         case MPU6050_GYRO_FULLSCALE_2000DPS:
 129:Drivers/MPU6050/Src/ST_MPU6050.c ****             Mpu6050_GyroSensi = MPU6050_GYRO_SENSI_2000DPS;
 130:Drivers/MPU6050/Src/ST_MPU6050.c ****             break;
 131:Drivers/MPU6050/Src/ST_MPU6050.c ****         default:
 132:Drivers/MPU6050/Src/ST_MPU6050.c ****             return MPU6050_GYRO_FULLSCALED_ERROR;
 133:Drivers/MPU6050/Src/ST_MPU6050.c ****     }
 134:Drivers/MPU6050/Src/ST_MPU6050.c ****     return MPU6050_OK;
 135:Drivers/MPU6050/Src/ST_MPU6050.c **** 
 136:Drivers/MPU6050/Src/ST_MPU6050.c **** }
 205              		.loc 1 136 1 view .LVU38
 206 0046 2046     		mov	r0, r4
 207 0048 04B0     		add	sp, sp, #16
 208              	.LCFI8:
 209              		.cfi_remember_state
 210              		.cfi_def_cfa_offset 16
 211              		@ sp needed
ARM GAS  C:\Users\sangt\AppData\Local\Temp\ccYW6m5C.s 			page 7


 212 004a 70BD     		pop	{r4, r5, r6, pc}
 213              	.LVL15:
 214              	.L28:
 215              	.LCFI9:
 216              		.cfi_restore_state
  73:Drivers/MPU6050/Src/ST_MPU6050.c ****     ui8buffer |= 0x80;
 217              		.loc 1 73 5 is_stmt 1 view .LVU39
 218 004c 0122     		movs	r2, #1
 219 004e 6B21     		movs	r1, #107
 220 0050 0DF10F00 		add	r0, sp, #15
 221 0054 FFF7FEFF 		bl	MPU6050_Read
 222              	.LVL16:
  74:Drivers/MPU6050/Src/ST_MPU6050.c ****     MPU6050_Write(&ui8buffer, MPU6050_PWR_MGMT_1_REG, 1);
 223              		.loc 1 74 5 view .LVU40
  74:Drivers/MPU6050/Src/ST_MPU6050.c ****     MPU6050_Write(&ui8buffer, MPU6050_PWR_MGMT_1_REG, 1);
 224              		.loc 1 74 15 is_stmt 0 view .LVU41
 225 0058 9DF80F30 		ldrb	r3, [sp, #15]	@ zero_extendqisi2
 226 005c 63F07F03 		orn	r3, r3, #127
 227 0060 8DF80F30 		strb	r3, [sp, #15]
  75:Drivers/MPU6050/Src/ST_MPU6050.c ****     for(i = 0; i < 2400000; i++)
 228              		.loc 1 75 5 is_stmt 1 view .LVU42
 229 0064 0122     		movs	r2, #1
 230 0066 6B21     		movs	r1, #107
 231 0068 0DF10F00 		add	r0, sp, #15
 232 006c FFF7FEFF 		bl	MPU6050_Write
 233              	.LVL17:
  76:Drivers/MPU6050/Src/ST_MPU6050.c ****     {
 234              		.loc 1 76 5 view .LVU43
  76:Drivers/MPU6050/Src/ST_MPU6050.c ****     {
 235              		.loc 1 76 11 is_stmt 0 view .LVU44
 236 0070 0023     		movs	r3, #0
  76:Drivers/MPU6050/Src/ST_MPU6050.c ****     {
 237              		.loc 1 76 5 view .LVU45
 238 0072 01E0     		b	.L11
 239              	.LVL18:
 240              	.L12:
  78:Drivers/MPU6050/Src/ST_MPU6050.c ****     }
 241              		.loc 1 78 6 is_stmt 1 discriminator 3 view .LVU46
 242              		.syntax unified
 243              	@ 78 "Drivers/MPU6050/Src/ST_MPU6050.c" 1
 244 0074 00BF     		NOP
 245              	@ 0 "" 2
  76:Drivers/MPU6050/Src/ST_MPU6050.c ****     {
 246              		.loc 1 76 29 discriminator 3 view .LVU47
  76:Drivers/MPU6050/Src/ST_MPU6050.c ****     {
 247              		.loc 1 76 30 is_stmt 0 discriminator 3 view .LVU48
 248              		.thumb
 249              		.syntax unified
 250 0076 0133     		adds	r3, r3, #1
 251              	.LVL19:
 252              	.L11:
  76:Drivers/MPU6050/Src/ST_MPU6050.c ****     {
 253              		.loc 1 76 16 is_stmt 1 discriminator 1 view .LVU49
  76:Drivers/MPU6050/Src/ST_MPU6050.c ****     {
 254              		.loc 1 76 5 is_stmt 0 discriminator 1 view .LVU50
 255 0078 454A     		ldr	r2, .L29+28
 256 007a 9342     		cmp	r3, r2
ARM GAS  C:\Users\sangt\AppData\Local\Temp\ccYW6m5C.s 			page 8


 257 007c FAD3     		bcc	.L12
  81:Drivers/MPU6050/Src/ST_MPU6050.c ****     MPU6050_Write(&ui8buffer, MPU6050_PWR_MGMT_1_REG, 1);
 258              		.loc 1 81 5 is_stmt 1 view .LVU51
  81:Drivers/MPU6050/Src/ST_MPU6050.c ****     MPU6050_Write(&ui8buffer, MPU6050_PWR_MGMT_1_REG, 1);
 259              		.loc 1 81 15 is_stmt 0 view .LVU52
 260 007e 0823     		movs	r3, #8
 261              	.LVL20:
  81:Drivers/MPU6050/Src/ST_MPU6050.c ****     MPU6050_Write(&ui8buffer, MPU6050_PWR_MGMT_1_REG, 1);
 262              		.loc 1 81 15 view .LVU53
 263 0080 8DF80F30 		strb	r3, [sp, #15]
  82:Drivers/MPU6050/Src/ST_MPU6050.c ****     //Setting Accelerometer full scale range
 264              		.loc 1 82 5 is_stmt 1 view .LVU54
 265 0084 0122     		movs	r2, #1
 266 0086 6B21     		movs	r1, #107
 267 0088 0DF10F00 		add	r0, sp, #15
 268 008c FFF7FEFF 		bl	MPU6050_Write
 269              	.LVL21:
  84:Drivers/MPU6050/Src/ST_MPU6050.c ****     ui8buffer |= mpuInitTypeDef.ui8AcceFullScale;
 270              		.loc 1 84 5 view .LVU55
  84:Drivers/MPU6050/Src/ST_MPU6050.c ****     ui8buffer |= mpuInitTypeDef.ui8AcceFullScale;
 271              		.loc 1 84 15 is_stmt 0 view .LVU56
 272 0090 0026     		movs	r6, #0
 273 0092 8DF80F60 		strb	r6, [sp, #15]
  85:Drivers/MPU6050/Src/ST_MPU6050.c ****     MPU6050_Write(&ui8buffer, MPU6050_ACCEL_CONFIG_REG, 1);
 274              		.loc 1 85 5 is_stmt 1 view .LVU57
  85:Drivers/MPU6050/Src/ST_MPU6050.c ****     MPU6050_Write(&ui8buffer, MPU6050_ACCEL_CONFIG_REG, 1);
 275              		.loc 1 85 32 is_stmt 0 view .LVU58
 276 0096 9DF80450 		ldrb	r5, [sp, #4]	@ zero_extendqisi2
  85:Drivers/MPU6050/Src/ST_MPU6050.c ****     MPU6050_Write(&ui8buffer, MPU6050_ACCEL_CONFIG_REG, 1);
 277              		.loc 1 85 15 view .LVU59
 278 009a 8DF80F50 		strb	r5, [sp, #15]
  86:Drivers/MPU6050/Src/ST_MPU6050.c **** 
 279              		.loc 1 86 5 is_stmt 1 view .LVU60
 280 009e 0122     		movs	r2, #1
 281 00a0 1C21     		movs	r1, #28
 282 00a2 0DF10F00 		add	r0, sp, #15
 283 00a6 FFF7FEFF 		bl	MPU6050_Write
 284              	.LVL22:
  89:Drivers/MPU6050/Src/ST_MPU6050.c ****     ui8buffer |= mpuInitTypeDef.ui8GyroFullScale;
 285              		.loc 1 89 5 view .LVU61
  89:Drivers/MPU6050/Src/ST_MPU6050.c ****     ui8buffer |= mpuInitTypeDef.ui8GyroFullScale;
 286              		.loc 1 89 15 is_stmt 0 view .LVU62
 287 00aa 8DF80F60 		strb	r6, [sp, #15]
  90:Drivers/MPU6050/Src/ST_MPU6050.c ****     MPU6050_Write(&ui8buffer, MPU6050_GYRO_CONFIG_REG, 1);
 288              		.loc 1 90 5 is_stmt 1 view .LVU63
  90:Drivers/MPU6050/Src/ST_MPU6050.c ****     MPU6050_Write(&ui8buffer, MPU6050_GYRO_CONFIG_REG, 1);
 289              		.loc 1 90 32 is_stmt 0 view .LVU64
 290 00ae 9DF80540 		ldrb	r4, [sp, #5]	@ zero_extendqisi2
  90:Drivers/MPU6050/Src/ST_MPU6050.c ****     MPU6050_Write(&ui8buffer, MPU6050_GYRO_CONFIG_REG, 1);
 291              		.loc 1 90 15 view .LVU65
 292 00b2 8DF80F40 		strb	r4, [sp, #15]
  91:Drivers/MPU6050/Src/ST_MPU6050.c **** 
 293              		.loc 1 91 5 is_stmt 1 view .LVU66
 294 00b6 0122     		movs	r2, #1
 295 00b8 1B21     		movs	r1, #27
 296 00ba 0DF10F00 		add	r0, sp, #15
 297 00be FFF7FEFF 		bl	MPU6050_Write
ARM GAS  C:\Users\sangt\AppData\Local\Temp\ccYW6m5C.s 			page 9


 298              	.LVL23:
  94:Drivers/MPU6050/Src/ST_MPU6050.c ****     ui8buffer |= mpuInitTypeDef.ui8DLPF;
 299              		.loc 1 94 5 view .LVU67
  94:Drivers/MPU6050/Src/ST_MPU6050.c ****     ui8buffer |= mpuInitTypeDef.ui8DLPF;
 300              		.loc 1 94 15 is_stmt 0 view .LVU68
 301 00c2 8DF80F60 		strb	r6, [sp, #15]
  95:Drivers/MPU6050/Src/ST_MPU6050.c ****     MPU6050_Write(&ui8buffer, MPU6050_CONFIG_REG, 1);
 302              		.loc 1 95 5 is_stmt 1 view .LVU69
  95:Drivers/MPU6050/Src/ST_MPU6050.c ****     MPU6050_Write(&ui8buffer, MPU6050_CONFIG_REG, 1);
 303              		.loc 1 95 32 is_stmt 0 view .LVU70
 304 00c6 9DF80630 		ldrb	r3, [sp, #6]	@ zero_extendqisi2
  95:Drivers/MPU6050/Src/ST_MPU6050.c ****     MPU6050_Write(&ui8buffer, MPU6050_CONFIG_REG, 1);
 305              		.loc 1 95 15 view .LVU71
 306 00ca 8DF80F30 		strb	r3, [sp, #15]
  96:Drivers/MPU6050/Src/ST_MPU6050.c **** 
 307              		.loc 1 96 5 is_stmt 1 view .LVU72
 308 00ce 0122     		movs	r2, #1
 309 00d0 1A21     		movs	r1, #26
 310 00d2 0DF10F00 		add	r0, sp, #15
 311 00d6 FFF7FEFF 		bl	MPU6050_Write
 312              	.LVL24:
  99:Drivers/MPU6050/Src/ST_MPU6050.c ****     {
 313              		.loc 1 99 5 view .LVU73
 314 00da 182D     		cmp	r5, #24
 315 00dc 45D8     		bhi	.L25
 316 00de DFE805F0 		tbb	[pc, r5]
 317              	.L14:
 318 00e2 0D       		.byte	(.L17-.L14)/2
 319 00e3 44       		.byte	(.L25-.L14)/2
 320 00e4 44       		.byte	(.L25-.L14)/2
 321 00e5 44       		.byte	(.L25-.L14)/2
 322 00e6 44       		.byte	(.L25-.L14)/2
 323 00e7 44       		.byte	(.L25-.L14)/2
 324 00e8 44       		.byte	(.L25-.L14)/2
 325 00e9 44       		.byte	(.L25-.L14)/2
 326 00ea 22       		.byte	(.L16-.L14)/2
 327 00eb 44       		.byte	(.L25-.L14)/2
 328 00ec 44       		.byte	(.L25-.L14)/2
 329 00ed 44       		.byte	(.L25-.L14)/2
 330 00ee 44       		.byte	(.L25-.L14)/2
 331 00ef 44       		.byte	(.L25-.L14)/2
 332 00f0 44       		.byte	(.L25-.L14)/2
 333 00f1 44       		.byte	(.L25-.L14)/2
 334 00f2 27       		.byte	(.L15-.L14)/2
 335 00f3 44       		.byte	(.L25-.L14)/2
 336 00f4 44       		.byte	(.L25-.L14)/2
 337 00f5 44       		.byte	(.L25-.L14)/2
 338 00f6 44       		.byte	(.L25-.L14)/2
 339 00f7 44       		.byte	(.L25-.L14)/2
 340 00f8 44       		.byte	(.L25-.L14)/2
 341 00f9 44       		.byte	(.L25-.L14)/2
 342 00fa 2C       		.byte	(.L13-.L14)/2
 343 00fb 00       		.p2align 1
 344              	.L17:
 102:Drivers/MPU6050/Src/ST_MPU6050.c ****             break;
 345              		.loc 1 102 13 view .LVU74
 102:Drivers/MPU6050/Src/ST_MPU6050.c ****             break;
ARM GAS  C:\Users\sangt\AppData\Local\Temp\ccYW6m5C.s 			page 10


 346              		.loc 1 102 31 is_stmt 0 view .LVU75
 347 00fc 254B     		ldr	r3, .L29+32
 348 00fe 4FF08D42 		mov	r2, #1182793728
 349 0102 1A60     		str	r2, [r3]	@ float
 103:Drivers/MPU6050/Src/ST_MPU6050.c ****         case MPU6050_ACCE_FULLSCALE_4G:
 350              		.loc 1 103 13 is_stmt 1 view .LVU76
 351              	.L18:
 117:Drivers/MPU6050/Src/ST_MPU6050.c ****     {
 352              		.loc 1 117 5 view .LVU77
 353 0104 182C     		cmp	r4, #24
 354 0106 32D8     		bhi	.L26
 355 0108 DFE804F0 		tbb	[pc, r4]
 356              	.L20:
 357 010c 1C       		.byte	(.L23-.L20)/2
 358 010d 31       		.byte	(.L26-.L20)/2
 359 010e 31       		.byte	(.L26-.L20)/2
 360 010f 31       		.byte	(.L26-.L20)/2
 361 0110 31       		.byte	(.L26-.L20)/2
 362 0111 31       		.byte	(.L26-.L20)/2
 363 0112 31       		.byte	(.L26-.L20)/2
 364 0113 31       		.byte	(.L26-.L20)/2
 365 0114 20       		.byte	(.L22-.L20)/2
 366 0115 31       		.byte	(.L26-.L20)/2
 367 0116 31       		.byte	(.L26-.L20)/2
 368 0117 31       		.byte	(.L26-.L20)/2
 369 0118 31       		.byte	(.L26-.L20)/2
 370 0119 31       		.byte	(.L26-.L20)/2
 371 011a 31       		.byte	(.L26-.L20)/2
 372 011b 31       		.byte	(.L26-.L20)/2
 373 011c 25       		.byte	(.L21-.L20)/2
 374 011d 31       		.byte	(.L26-.L20)/2
 375 011e 31       		.byte	(.L26-.L20)/2
 376 011f 31       		.byte	(.L26-.L20)/2
 377 0120 31       		.byte	(.L26-.L20)/2
 378 0121 31       		.byte	(.L26-.L20)/2
 379 0122 31       		.byte	(.L26-.L20)/2
 380 0123 31       		.byte	(.L26-.L20)/2
 381 0124 2A       		.byte	(.L19-.L20)/2
 382 0125 00       		.p2align 1
 383              	.L16:
 105:Drivers/MPU6050/Src/ST_MPU6050.c ****             break;
 384              		.loc 1 105 13 view .LVU78
 105:Drivers/MPU6050/Src/ST_MPU6050.c ****             break;
 385              		.loc 1 105 31 is_stmt 0 view .LVU79
 386 0126 1B4B     		ldr	r3, .L29+32
 387 0128 4FF08C42 		mov	r2, #1174405120
 388 012c 1A60     		str	r2, [r3]	@ float
 106:Drivers/MPU6050/Src/ST_MPU6050.c ****         case MPU6050_ACCE_FULLSCALE_8G:
 389              		.loc 1 106 13 is_stmt 1 view .LVU80
 390 012e E9E7     		b	.L18
 391              	.L15:
 108:Drivers/MPU6050/Src/ST_MPU6050.c ****             break;
 392              		.loc 1 108 13 view .LVU81
 108:Drivers/MPU6050/Src/ST_MPU6050.c ****             break;
 393              		.loc 1 108 31 is_stmt 0 view .LVU82
 394 0130 184B     		ldr	r3, .L29+32
 395 0132 4FF08B42 		mov	r2, #1166016512
ARM GAS  C:\Users\sangt\AppData\Local\Temp\ccYW6m5C.s 			page 11


 396 0136 1A60     		str	r2, [r3]	@ float
 109:Drivers/MPU6050/Src/ST_MPU6050.c ****         case MPU6050_ACCE_FULLSCALE_16G:
 397              		.loc 1 109 13 is_stmt 1 view .LVU83
 398 0138 E4E7     		b	.L18
 399              	.L13:
 111:Drivers/MPU6050/Src/ST_MPU6050.c ****             break;
 400              		.loc 1 111 13 view .LVU84
 111:Drivers/MPU6050/Src/ST_MPU6050.c ****             break;
 401              		.loc 1 111 31 is_stmt 0 view .LVU85
 402 013a 164B     		ldr	r3, .L29+32
 403 013c 4FF08A42 		mov	r2, #1157627904
 404 0140 1A60     		str	r2, [r3]	@ float
 112:Drivers/MPU6050/Src/ST_MPU6050.c ****         default:
 405              		.loc 1 112 13 is_stmt 1 view .LVU86
 406 0142 DFE7     		b	.L18
 407              	.L23:
 120:Drivers/MPU6050/Src/ST_MPU6050.c ****             break;
 408              		.loc 1 120 13 view .LVU87
 120:Drivers/MPU6050/Src/ST_MPU6050.c ****             break;
 409              		.loc 1 120 31 is_stmt 0 view .LVU88
 410 0144 144B     		ldr	r3, .L29+36
 411 0146 154A     		ldr	r2, .L29+40
 412 0148 1A60     		str	r2, [r3]	@ float
 121:Drivers/MPU6050/Src/ST_MPU6050.c ****         case MPU6050_GYRO_FULLSCALE_500DPS:
 413              		.loc 1 121 13 is_stmt 1 view .LVU89
 414 014a 7CE7     		b	.L10
 415              	.L22:
 123:Drivers/MPU6050/Src/ST_MPU6050.c ****             break;
 416              		.loc 1 123 13 view .LVU90
 123:Drivers/MPU6050/Src/ST_MPU6050.c ****             break;
 417              		.loc 1 123 31 is_stmt 0 view .LVU91
 418 014c 124B     		ldr	r3, .L29+36
 419 014e 144A     		ldr	r2, .L29+44
 420 0150 1A60     		str	r2, [r3]	@ float
 124:Drivers/MPU6050/Src/ST_MPU6050.c ****         case MPU6050_GYRO_FULLSCALE_1000DPS:
 421              		.loc 1 124 13 is_stmt 1 view .LVU92
 134:Drivers/MPU6050/Src/ST_MPU6050.c **** 
 422              		.loc 1 134 12 is_stmt 0 view .LVU93
 423 0152 0024     		movs	r4, #0
 124:Drivers/MPU6050/Src/ST_MPU6050.c ****         case MPU6050_GYRO_FULLSCALE_1000DPS:
 424              		.loc 1 124 13 view .LVU94
 425 0154 77E7     		b	.L10
 426              	.L21:
 126:Drivers/MPU6050/Src/ST_MPU6050.c ****             break;
 427              		.loc 1 126 13 is_stmt 1 view .LVU95
 126:Drivers/MPU6050/Src/ST_MPU6050.c ****             break;
 428              		.loc 1 126 31 is_stmt 0 view .LVU96
 429 0156 104B     		ldr	r3, .L29+36
 430 0158 124A     		ldr	r2, .L29+48
 431 015a 1A60     		str	r2, [r3]	@ float
 127:Drivers/MPU6050/Src/ST_MPU6050.c ****         case MPU6050_GYRO_FULLSCALE_2000DPS:
 432              		.loc 1 127 13 is_stmt 1 view .LVU97
 134:Drivers/MPU6050/Src/ST_MPU6050.c **** 
 433              		.loc 1 134 12 is_stmt 0 view .LVU98
 434 015c 0024     		movs	r4, #0
 127:Drivers/MPU6050/Src/ST_MPU6050.c ****         case MPU6050_GYRO_FULLSCALE_2000DPS:
 435              		.loc 1 127 13 view .LVU99
ARM GAS  C:\Users\sangt\AppData\Local\Temp\ccYW6m5C.s 			page 12


 436 015e 72E7     		b	.L10
 437              	.L19:
 129:Drivers/MPU6050/Src/ST_MPU6050.c ****             break;
 438              		.loc 1 129 13 is_stmt 1 view .LVU100
 129:Drivers/MPU6050/Src/ST_MPU6050.c ****             break;
 439              		.loc 1 129 31 is_stmt 0 view .LVU101
 440 0160 0D4B     		ldr	r3, .L29+36
 441 0162 114A     		ldr	r2, .L29+52
 442 0164 1A60     		str	r2, [r3]	@ float
 130:Drivers/MPU6050/Src/ST_MPU6050.c ****         default:
 443              		.loc 1 130 13 is_stmt 1 view .LVU102
 134:Drivers/MPU6050/Src/ST_MPU6050.c **** 
 444              		.loc 1 134 12 is_stmt 0 view .LVU103
 445 0166 0024     		movs	r4, #0
 130:Drivers/MPU6050/Src/ST_MPU6050.c ****         default:
 446              		.loc 1 130 13 view .LVU104
 447 0168 6DE7     		b	.L10
 448              	.L25:
  99:Drivers/MPU6050/Src/ST_MPU6050.c ****     {
 449              		.loc 1 99 5 view .LVU105
 450 016a 0224     		movs	r4, #2
 451 016c 6BE7     		b	.L10
 452              	.L26:
 117:Drivers/MPU6050/Src/ST_MPU6050.c ****     {
 453              		.loc 1 117 5 view .LVU106
 454 016e 0324     		movs	r4, #3
 455 0170 69E7     		b	.L10
 456              	.L30:
 457 0172 00BF     		.align	2
 458              	.L29:
 459 0174 00000000 		.word	.LANCHOR0
 460 0178 00000000 		.word	.LANCHOR1
 461 017c 00000000 		.word	.LANCHOR2
 462 0180 00000000 		.word	.LANCHOR3
 463 0184 00000000 		.word	.LANCHOR4
 464 0188 00000000 		.word	.LANCHOR5
 465 018c 00000000 		.word	.LANCHOR6
 466 0190 009F2400 		.word	2400000
 467 0194 00000000 		.word	.LANCHOR7
 468 0198 00000000 		.word	.LANCHOR8
 469 019c 00000343 		.word	1124270080
 470 01a0 00008342 		.word	1115881472
 471 01a4 33330342 		.word	1107505971
 472 01a8 33338341 		.word	1099117363
 473              		.cfi_endproc
 474              	.LFE237:
 476              		.section	.text.MPU6050_AcceRead_Raw,"ax",%progbits
 477              		.align	1
 478              		.global	MPU6050_AcceRead_Raw
 479              		.syntax unified
 480              		.thumb
 481              		.thumb_func
 483              	MPU6050_AcceRead_Raw:
 484              	.LVL25:
 485              	.LFB238:
 137:Drivers/MPU6050/Src/ST_MPU6050.c **** 
 138:Drivers/MPU6050/Src/ST_MPU6050.c **** //4 . MPU6050 Accelerometer read data raw
ARM GAS  C:\Users\sangt\AppData\Local\Temp\ccYW6m5C.s 			page 13


 139:Drivers/MPU6050/Src/ST_MPU6050.c **** MPU6050_AcceDataRaw MPU6050_AcceRead_Raw (void)
 140:Drivers/MPU6050/Src/ST_MPU6050.c **** {
 486              		.loc 1 140 1 is_stmt 1 view -0
 487              		.cfi_startproc
 488              		@ args = 0, pretend = 0, frame = 8
 489              		@ frame_needed = 0, uses_anonymous_args = 0
 490              		.loc 1 140 1 is_stmt 0 view .LVU108
 491 0000 10B5     		push	{r4, lr}
 492              	.LCFI10:
 493              		.cfi_def_cfa_offset 8
 494              		.cfi_offset 4, -8
 495              		.cfi_offset 14, -4
 496 0002 82B0     		sub	sp, sp, #8
 497              	.LCFI11:
 498              		.cfi_def_cfa_offset 16
 499 0004 0446     		mov	r4, r0
 141:Drivers/MPU6050/Src/ST_MPU6050.c ****     uint8_t ui8Buffer[2];
 500              		.loc 1 141 5 is_stmt 1 view .LVU109
 142:Drivers/MPU6050/Src/ST_MPU6050.c ****     MPU6050_AcceDataRaw acRaw;
 501              		.loc 1 142 5 view .LVU110
 143:Drivers/MPU6050/Src/ST_MPU6050.c **** 
 144:Drivers/MPU6050/Src/ST_MPU6050.c ****     // Read X value
 145:Drivers/MPU6050/Src/ST_MPU6050.c ****     MPU6050_Read(ui8Buffer, MPU6050_ACCEL_XOUT_H_REG, 2);
 502              		.loc 1 145 5 view .LVU111
 503 0006 0222     		movs	r2, #2
 504 0008 3B21     		movs	r1, #59
 505 000a 01A8     		add	r0, sp, #4
 506              	.LVL26:
 507              		.loc 1 145 5 is_stmt 0 view .LVU112
 508 000c FFF7FEFF 		bl	MPU6050_Read
 509              	.LVL27:
 146:Drivers/MPU6050/Src/ST_MPU6050.c ****     acRaw.x = ui8Buffer[0] << 8 | ui8Buffer[1];
 510              		.loc 1 146 5 is_stmt 1 view .LVU113
 511              		.loc 1 146 24 is_stmt 0 view .LVU114
 512 0010 9DF80420 		ldrb	r2, [sp, #4]	@ zero_extendqisi2
 513              		.loc 1 146 44 view .LVU115
 514 0014 9DF80530 		ldrb	r3, [sp, #5]	@ zero_extendqisi2
 515              		.loc 1 146 33 view .LVU116
 516 0018 43EA0223 		orr	r3, r3, r2, lsl #8
 517              		.loc 1 146 13 view .LVU117
 518 001c 2380     		strh	r3, [r4]	@ movhi
 147:Drivers/MPU6050/Src/ST_MPU6050.c ****     // Read Y value
 148:Drivers/MPU6050/Src/ST_MPU6050.c ****     MPU6050_Read(ui8Buffer, MPU6050_ACCEL_YOUT_H_REG, 2);
 519              		.loc 1 148 5 is_stmt 1 view .LVU118
 520 001e 0222     		movs	r2, #2
 521 0020 3D21     		movs	r1, #61
 522 0022 01A8     		add	r0, sp, #4
 523 0024 FFF7FEFF 		bl	MPU6050_Read
 524              	.LVL28:
 149:Drivers/MPU6050/Src/ST_MPU6050.c ****     acRaw.y = ui8Buffer[0] << 8 | ui8Buffer[1];
 525              		.loc 1 149 5 view .LVU119
 526              		.loc 1 149 24 is_stmt 0 view .LVU120
 527 0028 9DF80420 		ldrb	r2, [sp, #4]	@ zero_extendqisi2
 528              		.loc 1 149 44 view .LVU121
 529 002c 9DF80530 		ldrb	r3, [sp, #5]	@ zero_extendqisi2
 530              		.loc 1 149 33 view .LVU122
 531 0030 43EA0223 		orr	r3, r3, r2, lsl #8
ARM GAS  C:\Users\sangt\AppData\Local\Temp\ccYW6m5C.s 			page 14


 532              		.loc 1 149 13 view .LVU123
 533 0034 6380     		strh	r3, [r4, #2]	@ movhi
 150:Drivers/MPU6050/Src/ST_MPU6050.c ****     // Read Z value
 151:Drivers/MPU6050/Src/ST_MPU6050.c ****     MPU6050_Read(ui8Buffer, MPU6050_ACCEL_ZOUT_H_REG, 2);
 534              		.loc 1 151 5 is_stmt 1 view .LVU124
 535 0036 0222     		movs	r2, #2
 536 0038 3F21     		movs	r1, #63
 537 003a 01A8     		add	r0, sp, #4
 538 003c FFF7FEFF 		bl	MPU6050_Read
 539              	.LVL29:
 152:Drivers/MPU6050/Src/ST_MPU6050.c ****     acRaw.z = ui8Buffer[0] << 8 | ui8Buffer[1];
 540              		.loc 1 152 5 view .LVU125
 541              		.loc 1 152 24 is_stmt 0 view .LVU126
 542 0040 9DF80420 		ldrb	r2, [sp, #4]	@ zero_extendqisi2
 543              		.loc 1 152 44 view .LVU127
 544 0044 9DF80530 		ldrb	r3, [sp, #5]	@ zero_extendqisi2
 545              		.loc 1 152 33 view .LVU128
 546 0048 43EA0223 		orr	r3, r3, r2, lsl #8
 547              		.loc 1 152 13 view .LVU129
 548 004c A380     		strh	r3, [r4, #4]	@ movhi
 153:Drivers/MPU6050/Src/ST_MPU6050.c ****     return acRaw;
 549              		.loc 1 153 5 is_stmt 1 view .LVU130
 154:Drivers/MPU6050/Src/ST_MPU6050.c ****     }
 550              		.loc 1 154 5 is_stmt 0 view .LVU131
 551 004e 2046     		mov	r0, r4
 552 0050 02B0     		add	sp, sp, #8
 553              	.LCFI12:
 554              		.cfi_def_cfa_offset 8
 555              		@ sp needed
 556 0052 10BD     		pop	{r4, pc}
 557              		.loc 1 154 5 view .LVU132
 558              		.cfi_endproc
 559              	.LFE238:
 561              		.section	.text.MPU6050_AcceRead_Scaled,"ax",%progbits
 562              		.align	1
 563              		.global	MPU6050_AcceRead_Scaled
 564              		.syntax unified
 565              		.thumb
 566              		.thumb_func
 568              	MPU6050_AcceRead_Scaled:
 569              	.LFB239:
 155:Drivers/MPU6050/Src/ST_MPU6050.c **** 
 156:Drivers/MPU6050/Src/ST_MPU6050.c **** //5. MPU6050 Accelerometer read data scaled
 157:Drivers/MPU6050/Src/ST_MPU6050.c **** /**
 158:Drivers/MPU6050/Src/ST_MPU6050.c ****   * @brief  Read the scaled data from MPU.
 159:Drivers/MPU6050/Src/ST_MPU6050.c ****   * @retval MPU6050_AcceDataScaled The data using m/s^2 unit.
 160:Drivers/MPU6050/Src/ST_MPU6050.c ****   */
 161:Drivers/MPU6050/Src/ST_MPU6050.c **** MPU6050_AcceDataScaled MPU6050_AcceRead_Scaled (void)
 162:Drivers/MPU6050/Src/ST_MPU6050.c **** {
 570              		.loc 1 162 1 is_stmt 1 view -0
 571              		.cfi_startproc
 572              		@ args = 0, pretend = 0, frame = 48
 573              		@ frame_needed = 0, uses_anonymous_args = 0
 574 0000 00B5     		push	{lr}
 575              	.LCFI13:
 576              		.cfi_def_cfa_offset 4
 577              		.cfi_offset 14, -4
ARM GAS  C:\Users\sangt\AppData\Local\Temp\ccYW6m5C.s 			page 15


 578 0002 8DB0     		sub	sp, sp, #52
 579              	.LCFI14:
 580              		.cfi_def_cfa_offset 56
 163:Drivers/MPU6050/Src/ST_MPU6050.c ****     MPU6050_AcceDataRaw mpuRaw;
 581              		.loc 1 163 5 view .LVU134
 164:Drivers/MPU6050/Src/ST_MPU6050.c ****     MPU6050_AcceDataScaled mpuScaled;
 582              		.loc 1 164 5 view .LVU135
 165:Drivers/MPU6050/Src/ST_MPU6050.c ****     mpuRaw = MPU6050_AcceRead_Raw();
 583              		.loc 1 165 5 view .LVU136
 584              		.loc 1 165 14 is_stmt 0 view .LVU137
 585 0004 07A8     		add	r0, sp, #28
 586 0006 FFF7FEFF 		bl	MPU6050_AcceRead_Raw
 587              	.LVL30:
 166:Drivers/MPU6050/Src/ST_MPU6050.c ****     mpuScaled.x = mpuRaw.x/Mpu6050_AcceSensi*G_VALUE;
 588              		.loc 1 166 5 is_stmt 1 view .LVU138
 589              		.loc 1 166 25 is_stmt 0 view .LVU139
 590 000a BDF91C30 		ldrsh	r3, [sp, #28]
 591 000e 07EE103A 		vmov	s14, r3	@ int
 592              		.loc 1 166 27 view .LVU140
 593 0012 1A4B     		ldr	r3, .L35
 594 0014 D3ED006A 		vldr.32	s13, [r3]
 595 0018 B8EEC77A 		vcvt.f32.s32	s14, s14
 596 001c C7EE267A 		vdiv.f32	s15, s14, s13
 597              		.loc 1 166 45 view .LVU141
 598 0020 9FED177A 		vldr.32	s14, .L35+4
 599 0024 67EE877A 		vmul.f32	s15, s15, s14
 600              		.loc 1 166 17 view .LVU142
 601 0028 CDED047A 		vstr.32	s15, [sp, #16]
 167:Drivers/MPU6050/Src/ST_MPU6050.c ****     mpuScaled.y = mpuRaw.y/Mpu6050_AcceSensi*G_VALUE;
 602              		.loc 1 167 5 is_stmt 1 view .LVU143
 603              		.loc 1 167 25 is_stmt 0 view .LVU144
 604 002c BDF91E30 		ldrsh	r3, [sp, #30]
 605 0030 06EE103A 		vmov	s12, r3	@ int
 606              		.loc 1 167 27 view .LVU145
 607 0034 B8EEC66A 		vcvt.f32.s32	s12, s12
 608 0038 C6EE267A 		vdiv.f32	s15, s12, s13
 609              		.loc 1 167 45 view .LVU146
 610 003c 67EE877A 		vmul.f32	s15, s15, s14
 611              		.loc 1 167 17 view .LVU147
 612 0040 CDED057A 		vstr.32	s15, [sp, #20]
 168:Drivers/MPU6050/Src/ST_MPU6050.c ****     mpuScaled.z = mpuRaw.z/Mpu6050_AcceSensi*G_VALUE;
 613              		.loc 1 168 5 is_stmt 1 view .LVU148
 614              		.loc 1 168 25 is_stmt 0 view .LVU149
 615 0044 BDF92030 		ldrsh	r3, [sp, #32]
 616 0048 06EE103A 		vmov	s12, r3	@ int
 617              		.loc 1 168 27 view .LVU150
 618 004c B8EEC66A 		vcvt.f32.s32	s12, s12
 619 0050 C6EE267A 		vdiv.f32	s15, s12, s13
 620              		.loc 1 168 45 view .LVU151
 621 0054 67EE877A 		vmul.f32	s15, s15, s14
 622              		.loc 1 168 17 view .LVU152
 623 0058 CDED067A 		vstr.32	s15, [sp, #24]
 169:Drivers/MPU6050/Src/ST_MPU6050.c ****     return mpuScaled;
 624              		.loc 1 169 5 is_stmt 1 view .LVU153
 625              		.loc 1 169 12 is_stmt 0 view .LVU154
 626 005c 04AB     		add	r3, sp, #16
 627 005e 93E80700 		ldm	r3, {r0, r1, r2}
ARM GAS  C:\Users\sangt\AppData\Local\Temp\ccYW6m5C.s 			page 16


 628 0062 0CAB     		add	r3, sp, #48
 629 0064 03E90700 		stmdb	r3, {r0, r1, r2}
 170:Drivers/MPU6050/Src/ST_MPU6050.c ****     }
 630              		.loc 1 170 5 view .LVU155
 631 0068 9DED090A 		vldr.32	s0, [sp, #36]
 632 006c DDED0A0A 		vldr.32	s1, [sp, #40]
 633 0070 9DED0B1A 		vldr.32	s2, [sp, #44]
 634 0074 0DB0     		add	sp, sp, #52
 635              	.LCFI15:
 636              		.cfi_def_cfa_offset 4
 637              		@ sp needed
 638 0076 5DF804FB 		ldr	pc, [sp], #4
 639              	.L36:
 640 007a 00BF     		.align	2
 641              	.L35:
 642 007c 00000000 		.word	.LANCHOR7
 643 0080 0AE81C41 		.word	1092413450
 644              		.cfi_endproc
 645              	.LFE239:
 647              		.section	.text.MPU6050_GyroRead_Raw,"ax",%progbits
 648              		.align	1
 649              		.global	MPU6050_GyroRead_Raw
 650              		.syntax unified
 651              		.thumb
 652              		.thumb_func
 654              	MPU6050_GyroRead_Raw:
 655              	.LVL31:
 656              	.LFB240:
 171:Drivers/MPU6050/Src/ST_MPU6050.c **** 
 172:Drivers/MPU6050/Src/ST_MPU6050.c **** //6. MPU6050 Gyroscope read data raw
 173:Drivers/MPU6050/Src/ST_MPU6050.c **** MPU6050_GyroDataRaw MPU6050_GyroRead_Raw (void)
 174:Drivers/MPU6050/Src/ST_MPU6050.c **** {
 657              		.loc 1 174 1 is_stmt 1 view -0
 658              		.cfi_startproc
 659              		@ args = 0, pretend = 0, frame = 8
 660              		@ frame_needed = 0, uses_anonymous_args = 0
 661              		.loc 1 174 1 is_stmt 0 view .LVU157
 662 0000 10B5     		push	{r4, lr}
 663              	.LCFI16:
 664              		.cfi_def_cfa_offset 8
 665              		.cfi_offset 4, -8
 666              		.cfi_offset 14, -4
 667 0002 82B0     		sub	sp, sp, #8
 668              	.LCFI17:
 669              		.cfi_def_cfa_offset 16
 670 0004 0446     		mov	r4, r0
 175:Drivers/MPU6050/Src/ST_MPU6050.c ****     MPU6050_GyroDataRaw mpuRaw;
 671              		.loc 1 175 5 is_stmt 1 view .LVU158
 176:Drivers/MPU6050/Src/ST_MPU6050.c ****     uint8_t ui8Buffer[2];
 672              		.loc 1 176 5 view .LVU159
 177:Drivers/MPU6050/Src/ST_MPU6050.c **** 
 178:Drivers/MPU6050/Src/ST_MPU6050.c ****     //Read X value
 179:Drivers/MPU6050/Src/ST_MPU6050.c ****     MPU6050_Read(ui8Buffer, MPU6050_GYRO_XOUT_H_REG, 2);
 673              		.loc 1 179 5 view .LVU160
 674 0006 0222     		movs	r2, #2
 675 0008 4321     		movs	r1, #67
 676 000a 01A8     		add	r0, sp, #4
ARM GAS  C:\Users\sangt\AppData\Local\Temp\ccYW6m5C.s 			page 17


 677              	.LVL32:
 678              		.loc 1 179 5 is_stmt 0 view .LVU161
 679 000c FFF7FEFF 		bl	MPU6050_Read
 680              	.LVL33:
 180:Drivers/MPU6050/Src/ST_MPU6050.c ****     mpuRaw.x = ui8Buffer[0] << 8 | ui8Buffer [1];
 681              		.loc 1 180 5 is_stmt 1 view .LVU162
 682              		.loc 1 180 25 is_stmt 0 view .LVU163
 683 0010 9DF80420 		ldrb	r2, [sp, #4]	@ zero_extendqisi2
 684              		.loc 1 180 46 view .LVU164
 685 0014 9DF80530 		ldrb	r3, [sp, #5]	@ zero_extendqisi2
 686              		.loc 1 180 34 view .LVU165
 687 0018 43EA0223 		orr	r3, r3, r2, lsl #8
 688              		.loc 1 180 14 view .LVU166
 689 001c 2380     		strh	r3, [r4]	@ movhi
 181:Drivers/MPU6050/Src/ST_MPU6050.c ****     //Read Y value
 182:Drivers/MPU6050/Src/ST_MPU6050.c ****     MPU6050_Read(ui8Buffer, MPU6050_GYRO_YOUT_H_REG, 2);
 690              		.loc 1 182 5 is_stmt 1 view .LVU167
 691 001e 0222     		movs	r2, #2
 692 0020 4521     		movs	r1, #69
 693 0022 01A8     		add	r0, sp, #4
 694 0024 FFF7FEFF 		bl	MPU6050_Read
 695              	.LVL34:
 183:Drivers/MPU6050/Src/ST_MPU6050.c ****     mpuRaw.y = ui8Buffer[0] << 8 | ui8Buffer [1];
 696              		.loc 1 183 5 view .LVU168
 697              		.loc 1 183 25 is_stmt 0 view .LVU169
 698 0028 9DF80420 		ldrb	r2, [sp, #4]	@ zero_extendqisi2
 699              		.loc 1 183 46 view .LVU170
 700 002c 9DF80530 		ldrb	r3, [sp, #5]	@ zero_extendqisi2
 701              		.loc 1 183 34 view .LVU171
 702 0030 43EA0223 		orr	r3, r3, r2, lsl #8
 703              		.loc 1 183 14 view .LVU172
 704 0034 6380     		strh	r3, [r4, #2]	@ movhi
 184:Drivers/MPU6050/Src/ST_MPU6050.c ****     //Read Z value
 185:Drivers/MPU6050/Src/ST_MPU6050.c ****     MPU6050_Read(ui8Buffer, MPU6050_GYRO_ZOUT_H_REG, 2);
 705              		.loc 1 185 5 is_stmt 1 view .LVU173
 706 0036 0222     		movs	r2, #2
 707 0038 4721     		movs	r1, #71
 708 003a 01A8     		add	r0, sp, #4
 709 003c FFF7FEFF 		bl	MPU6050_Read
 710              	.LVL35:
 186:Drivers/MPU6050/Src/ST_MPU6050.c ****     mpuRaw.z = ui8Buffer[0] << 8 | ui8Buffer [1];
 711              		.loc 1 186 5 view .LVU174
 712              		.loc 1 186 25 is_stmt 0 view .LVU175
 713 0040 9DF80420 		ldrb	r2, [sp, #4]	@ zero_extendqisi2
 714              		.loc 1 186 46 view .LVU176
 715 0044 9DF80530 		ldrb	r3, [sp, #5]	@ zero_extendqisi2
 716              		.loc 1 186 34 view .LVU177
 717 0048 43EA0223 		orr	r3, r3, r2, lsl #8
 718              		.loc 1 186 14 view .LVU178
 719 004c A380     		strh	r3, [r4, #4]	@ movhi
 187:Drivers/MPU6050/Src/ST_MPU6050.c **** 
 188:Drivers/MPU6050/Src/ST_MPU6050.c ****     return mpuRaw;
 720              		.loc 1 188 5 is_stmt 1 view .LVU179
 189:Drivers/MPU6050/Src/ST_MPU6050.c ****     }
 721              		.loc 1 189 5 is_stmt 0 view .LVU180
 722 004e 2046     		mov	r0, r4
 723 0050 02B0     		add	sp, sp, #8
ARM GAS  C:\Users\sangt\AppData\Local\Temp\ccYW6m5C.s 			page 18


 724              	.LCFI18:
 725              		.cfi_def_cfa_offset 8
 726              		@ sp needed
 727 0052 10BD     		pop	{r4, pc}
 728              		.loc 1 189 5 view .LVU181
 729              		.cfi_endproc
 730              	.LFE240:
 732              		.section	.text.MPU6050_GyroRead_Scaled,"ax",%progbits
 733              		.align	1
 734              		.global	MPU6050_GyroRead_Scaled
 735              		.syntax unified
 736              		.thumb
 737              		.thumb_func
 739              	MPU6050_GyroRead_Scaled:
 740              	.LFB241:
 190:Drivers/MPU6050/Src/ST_MPU6050.c **** 
 191:Drivers/MPU6050/Src/ST_MPU6050.c **** //7. MPU6050 Gyroscope read data scaled
 192:Drivers/MPU6050/Src/ST_MPU6050.c **** MPU6050_GyroDataScaled MPU6050_GyroRead_Scaled (void)
 193:Drivers/MPU6050/Src/ST_MPU6050.c **** {
 741              		.loc 1 193 1 is_stmt 1 view -0
 742              		.cfi_startproc
 743              		@ args = 0, pretend = 0, frame = 48
 744              		@ frame_needed = 0, uses_anonymous_args = 0
 745 0000 00B5     		push	{lr}
 746              	.LCFI19:
 747              		.cfi_def_cfa_offset 4
 748              		.cfi_offset 14, -4
 749 0002 8DB0     		sub	sp, sp, #52
 750              	.LCFI20:
 751              		.cfi_def_cfa_offset 56
 194:Drivers/MPU6050/Src/ST_MPU6050.c ****     MPU6050_GyroDataRaw mpuRaw;
 752              		.loc 1 194 5 view .LVU183
 195:Drivers/MPU6050/Src/ST_MPU6050.c ****     MPU6050_GyroDataScaled mpuScaled;
 753              		.loc 1 195 5 view .LVU184
 196:Drivers/MPU6050/Src/ST_MPU6050.c ****     mpuRaw = MPU6050_GyroRead_Raw();
 754              		.loc 1 196 5 view .LVU185
 755              		.loc 1 196 14 is_stmt 0 view .LVU186
 756 0004 07A8     		add	r0, sp, #28
 757 0006 FFF7FEFF 		bl	MPU6050_GyroRead_Raw
 758              	.LVL36:
 197:Drivers/MPU6050/Src/ST_MPU6050.c ****     mpuScaled.x =(float) mpuRaw.x/Mpu6050_GyroSensi;
 759              		.loc 1 197 5 is_stmt 1 view .LVU187
 760              		.loc 1 197 32 is_stmt 0 view .LVU188
 761 000a BDF91C30 		ldrsh	r3, [sp, #28]
 762 000e 07EE103A 		vmov	s14, r3	@ int
 763              		.loc 1 197 18 view .LVU189
 764 0012 B8EEC77A 		vcvt.f32.s32	s14, s14
 765              		.loc 1 197 34 view .LVU190
 766 0016 154B     		ldr	r3, .L41
 767 0018 D3ED007A 		vldr.32	s15, [r3]
 768 001c C7EE276A 		vdiv.f32	s13, s14, s15
 769              		.loc 1 197 17 view .LVU191
 770 0020 CDED046A 		vstr.32	s13, [sp, #16]
 198:Drivers/MPU6050/Src/ST_MPU6050.c ****     mpuScaled.y =(float) mpuRaw.y/Mpu6050_GyroSensi;
 771              		.loc 1 198 5 is_stmt 1 view .LVU192
 772              		.loc 1 198 32 is_stmt 0 view .LVU193
 773 0024 BDF91E30 		ldrsh	r3, [sp, #30]
ARM GAS  C:\Users\sangt\AppData\Local\Temp\ccYW6m5C.s 			page 19


 774 0028 07EE103A 		vmov	s14, r3	@ int
 775              		.loc 1 198 18 view .LVU194
 776 002c B8EEC77A 		vcvt.f32.s32	s14, s14
 777              		.loc 1 198 34 view .LVU195
 778 0030 C7EE276A 		vdiv.f32	s13, s14, s15
 779              		.loc 1 198 17 view .LVU196
 780 0034 CDED056A 		vstr.32	s13, [sp, #20]
 199:Drivers/MPU6050/Src/ST_MPU6050.c ****     mpuScaled.z =(float) mpuRaw.z/Mpu6050_GyroSensi;
 781              		.loc 1 199 5 is_stmt 1 view .LVU197
 782              		.loc 1 199 32 is_stmt 0 view .LVU198
 783 0038 BDF92030 		ldrsh	r3, [sp, #32]
 784 003c 07EE103A 		vmov	s14, r3	@ int
 785              		.loc 1 199 18 view .LVU199
 786 0040 B8EEC77A 		vcvt.f32.s32	s14, s14
 787              		.loc 1 199 34 view .LVU200
 788 0044 C7EE276A 		vdiv.f32	s13, s14, s15
 789              		.loc 1 199 17 view .LVU201
 790 0048 CDED066A 		vstr.32	s13, [sp, #24]
 200:Drivers/MPU6050/Src/ST_MPU6050.c **** 
 201:Drivers/MPU6050/Src/ST_MPU6050.c ****     return mpuScaled;
 791              		.loc 1 201 5 is_stmt 1 view .LVU202
 792              		.loc 1 201 12 is_stmt 0 view .LVU203
 793 004c 04AB     		add	r3, sp, #16
 794 004e 93E80700 		ldm	r3, {r0, r1, r2}
 795 0052 0CAB     		add	r3, sp, #48
 796 0054 03E90700 		stmdb	r3, {r0, r1, r2}
 202:Drivers/MPU6050/Src/ST_MPU6050.c ****     }
 797              		.loc 1 202 5 view .LVU204
 798 0058 9DED090A 		vldr.32	s0, [sp, #36]
 799 005c DDED0A0A 		vldr.32	s1, [sp, #40]
 800 0060 9DED0B1A 		vldr.32	s2, [sp, #44]
 801 0064 0DB0     		add	sp, sp, #52
 802              	.LCFI21:
 803              		.cfi_def_cfa_offset 4
 804              		@ sp needed
 805 0066 5DF804FB 		ldr	pc, [sp], #4
 806              	.L42:
 807 006a 00BF     		.align	2
 808              	.L41:
 809 006c 00000000 		.word	.LANCHOR8
 810              		.cfi_endproc
 811              	.LFE241:
 813              		.section	.text.MPU6050_read_mpu_data,"ax",%progbits
 814              		.align	1
 815              		.global	MPU6050_read_mpu_data
 816              		.syntax unified
 817              		.thumb
 818              		.thumb_func
 820              	MPU6050_read_mpu_data:
 821              	.LVL37:
 822              	.LFB242:
 203:Drivers/MPU6050/Src/ST_MPU6050.c **** 
 204:Drivers/MPU6050/Src/ST_MPU6050.c **** /**
 205:Drivers/MPU6050/Src/ST_MPU6050.c ****   * @brief  Read the acceleration and the gyroscope data.
 206:Drivers/MPU6050/Src/ST_MPU6050.c ****   * @retval MPU6050_handle_t.
 207:Drivers/MPU6050/Src/ST_MPU6050.c ****   */
 208:Drivers/MPU6050/Src/ST_MPU6050.c **** MPU6050_handle_t MPU6050_read_mpu_data (void) {
ARM GAS  C:\Users\sangt\AppData\Local\Temp\ccYW6m5C.s 			page 20


 823              		.loc 1 208 47 is_stmt 1 view -0
 824              		.cfi_startproc
 825              		@ args = 0, pretend = 0, frame = 0
 826              		@ frame_needed = 0, uses_anonymous_args = 0
 827              		.loc 1 208 47 is_stmt 0 view .LVU206
 828 0000 70B5     		push	{r4, r5, r6, lr}
 829              	.LCFI22:
 830              		.cfi_def_cfa_offset 16
 831              		.cfi_offset 4, -16
 832              		.cfi_offset 5, -12
 833              		.cfi_offset 6, -8
 834              		.cfi_offset 14, -4
 835 0002 0546     		mov	r5, r0
 209:Drivers/MPU6050/Src/ST_MPU6050.c ****     *(mpuHandle.AccScaled) = MPU6050_AcceRead_Scaled();
 836              		.loc 1 209 5 is_stmt 1 view .LVU207
 837              		.loc 1 209 16 is_stmt 0 view .LVU208
 838 0004 0F4C     		ldr	r4, .L45
 839 0006 2669     		ldr	r6, [r4, #16]
 840              		.loc 1 209 30 view .LVU209
 841 0008 FFF7FEFF 		bl	MPU6050_AcceRead_Scaled
 842              	.LVL38:
 843              		.loc 1 209 30 view .LVU210
 844 000c 86ED000A 		vstr.32	s0, [r6]
 845 0010 C6ED010A 		vstr.32	s1, [r6, #4]
 846 0014 86ED021A 		vstr.32	s2, [r6, #8]
 210:Drivers/MPU6050/Src/ST_MPU6050.c ****     *(mpuHandle.GyroScaled) = MPU6050_GyroRead_Scaled();
 847              		.loc 1 210 5 is_stmt 1 view .LVU211
 848              		.loc 1 210 16 is_stmt 0 view .LVU212
 849 0018 A669     		ldr	r6, [r4, #24]
 850              		.loc 1 210 31 view .LVU213
 851 001a FFF7FEFF 		bl	MPU6050_GyroRead_Scaled
 852              	.LVL39:
 853 001e 86ED000A 		vstr.32	s0, [r6]
 854 0022 C6ED010A 		vstr.32	s1, [r6, #4]
 855 0026 86ED021A 		vstr.32	s2, [r6, #8]
 211:Drivers/MPU6050/Src/ST_MPU6050.c ****     return mpuHandle;
 856              		.loc 1 211 5 is_stmt 1 view .LVU214
 857              		.loc 1 211 12 is_stmt 0 view .LVU215
 858 002a AE46     		mov	lr, r5
 859 002c A446     		mov	ip, r4
 860 002e BCE80F00 		ldmia	ip!, {r0, r1, r2, r3}
 861 0032 AEE80F00 		stmia	lr!, {r0, r1, r2, r3}
 862 0036 9CE80700 		ldm	ip, {r0, r1, r2}
 863 003a 8EE80700 		stm	lr, {r0, r1, r2}
 212:Drivers/MPU6050/Src/ST_MPU6050.c **** }
 864              		.loc 1 212 1 view .LVU216
 865 003e 2846     		mov	r0, r5
 866 0040 70BD     		pop	{r4, r5, r6, pc}
 867              	.LVL40:
 868              	.L46:
 869              		.loc 1 212 1 view .LVU217
 870 0042 00BF     		.align	2
 871              	.L45:
 872 0044 00000000 		.word	.LANCHOR1
 873              		.cfi_endproc
 874              	.LFE242:
 876              		.global	mpuHandle
ARM GAS  C:\Users\sangt\AppData\Local\Temp\ccYW6m5C.s 			page 21


 877              		.global	mpuhi2c
 878              		.global	Mpu6050_GyroSensi
 879              		.global	Mpu6050_AcceSensi
 880              		.section	.bss.AccRaw,"aw",%nobits
 881              		.align	2
 882              		.set	.LANCHOR3,. + 0
 885              	AccRaw:
 886 0000 00000000 		.space	6
 886      0000
 887              		.section	.bss.AccScaled,"aw",%nobits
 888              		.align	2
 889              		.set	.LANCHOR4,. + 0
 892              	AccScaled:
 893 0000 00000000 		.space	12
 893      00000000 
 893      00000000 
 894              		.section	.bss.GyroRaw,"aw",%nobits
 895              		.align	2
 896              		.set	.LANCHOR5,. + 0
 899              	GyroRaw:
 900 0000 00000000 		.space	6
 900      0000
 901              		.section	.bss.GyroScaled,"aw",%nobits
 902              		.align	2
 903              		.set	.LANCHOR6,. + 0
 906              	GyroScaled:
 907 0000 00000000 		.space	12
 907      00000000 
 907      00000000 
 908              		.section	.bss.State,"aw",%nobits
 909              		.set	.LANCHOR2,. + 0
 912              	State:
 913 0000 00       		.space	1
 914              		.section	.bss.mpuHandle,"aw",%nobits
 915              		.align	2
 916              		.set	.LANCHOR1,. + 0
 919              	mpuHandle:
 920 0000 00000000 		.space	28
 920      00000000 
 920      00000000 
 920      00000000 
 920      00000000 
 921              		.section	.bss.mpuhi2c,"aw",%nobits
 922              		.align	2
 923              		.set	.LANCHOR0,. + 0
 926              	mpuhi2c:
 927 0000 00000000 		.space	84
 927      00000000 
 927      00000000 
 927      00000000 
 927      00000000 
 928              		.section	.data.Mpu6050_AcceSensi,"aw"
 929              		.align	2
 930              		.set	.LANCHOR7,. + 0
 933              	Mpu6050_AcceSensi:
 934 0000 00008046 		.word	1182793728
 935              		.section	.data.Mpu6050_GyroSensi,"aw"
ARM GAS  C:\Users\sangt\AppData\Local\Temp\ccYW6m5C.s 			page 22


 936              		.align	2
 937              		.set	.LANCHOR8,. + 0
 940              	Mpu6050_GyroSensi:
 941 0000 00000343 		.word	1124270080
 942              		.text
 943              	.Letext0:
 944              		.file 2 "c:\\program files (x86)\\gnu arm embedded toolchain\\10 2021.10\\arm-none-eabi\\include\\
 945              		.file 3 "c:\\program files (x86)\\gnu arm embedded toolchain\\10 2021.10\\arm-none-eabi\\include\\
 946              		.file 4 "Drivers/CMSIS/Device/ST/STM32F4xx/Include/stm32f405xx.h"
 947              		.file 5 "Drivers/STM32F4xx_HAL_Driver/Inc/stm32f4xx_hal_def.h"
 948              		.file 6 "Drivers/STM32F4xx_HAL_Driver/Inc/stm32f4xx_hal_dma.h"
 949              		.file 7 "Drivers/STM32F4xx_HAL_Driver/Inc/stm32f4xx_hal_i2c.h"
 950              		.file 8 "Drivers/MPU6050/Inc/ST_MPU6050.h"
 951              		.file 9 "<built-in>"
ARM GAS  C:\Users\sangt\AppData\Local\Temp\ccYW6m5C.s 			page 23


DEFINED SYMBOLS
                            *ABS*:00000000 ST_MPU6050.c
C:\Users\sangt\AppData\Local\Temp\ccYW6m5C.s:20     .text.MPU6050_Read:00000000 $t
C:\Users\sangt\AppData\Local\Temp\ccYW6m5C.s:26     .text.MPU6050_Read:00000000 MPU6050_Read
C:\Users\sangt\AppData\Local\Temp\ccYW6m5C.s:68     .text.MPU6050_Read:00000020 $d
C:\Users\sangt\AppData\Local\Temp\ccYW6m5C.s:73     .text.MPU6050_Write:00000000 $t
C:\Users\sangt\AppData\Local\Temp\ccYW6m5C.s:79     .text.MPU6050_Write:00000000 MPU6050_Write
C:\Users\sangt\AppData\Local\Temp\ccYW6m5C.s:120    .text.MPU6050_Write:00000020 $d
C:\Users\sangt\AppData\Local\Temp\ccYW6m5C.s:125    .text.MPU6050_Init:00000000 $t
C:\Users\sangt\AppData\Local\Temp\ccYW6m5C.s:131    .text.MPU6050_Init:00000000 MPU6050_Init
C:\Users\sangt\AppData\Local\Temp\ccYW6m5C.s:318    .text.MPU6050_Init:000000e2 $d
C:\Users\sangt\AppData\Local\Temp\ccYW6m5C.s:357    .text.MPU6050_Init:0000010c $d
C:\Users\sangt\AppData\Local\Temp\ccYW6m5C.s:459    .text.MPU6050_Init:00000174 $d
C:\Users\sangt\AppData\Local\Temp\ccYW6m5C.s:477    .text.MPU6050_AcceRead_Raw:00000000 $t
C:\Users\sangt\AppData\Local\Temp\ccYW6m5C.s:483    .text.MPU6050_AcceRead_Raw:00000000 MPU6050_AcceRead_Raw
C:\Users\sangt\AppData\Local\Temp\ccYW6m5C.s:562    .text.MPU6050_AcceRead_Scaled:00000000 $t
C:\Users\sangt\AppData\Local\Temp\ccYW6m5C.s:568    .text.MPU6050_AcceRead_Scaled:00000000 MPU6050_AcceRead_Scaled
C:\Users\sangt\AppData\Local\Temp\ccYW6m5C.s:642    .text.MPU6050_AcceRead_Scaled:0000007c $d
C:\Users\sangt\AppData\Local\Temp\ccYW6m5C.s:648    .text.MPU6050_GyroRead_Raw:00000000 $t
C:\Users\sangt\AppData\Local\Temp\ccYW6m5C.s:654    .text.MPU6050_GyroRead_Raw:00000000 MPU6050_GyroRead_Raw
C:\Users\sangt\AppData\Local\Temp\ccYW6m5C.s:733    .text.MPU6050_GyroRead_Scaled:00000000 $t
C:\Users\sangt\AppData\Local\Temp\ccYW6m5C.s:739    .text.MPU6050_GyroRead_Scaled:00000000 MPU6050_GyroRead_Scaled
C:\Users\sangt\AppData\Local\Temp\ccYW6m5C.s:809    .text.MPU6050_GyroRead_Scaled:0000006c $d
C:\Users\sangt\AppData\Local\Temp\ccYW6m5C.s:814    .text.MPU6050_read_mpu_data:00000000 $t
C:\Users\sangt\AppData\Local\Temp\ccYW6m5C.s:820    .text.MPU6050_read_mpu_data:00000000 MPU6050_read_mpu_data
C:\Users\sangt\AppData\Local\Temp\ccYW6m5C.s:872    .text.MPU6050_read_mpu_data:00000044 $d
C:\Users\sangt\AppData\Local\Temp\ccYW6m5C.s:919    .bss.mpuHandle:00000000 mpuHandle
C:\Users\sangt\AppData\Local\Temp\ccYW6m5C.s:926    .bss.mpuhi2c:00000000 mpuhi2c
C:\Users\sangt\AppData\Local\Temp\ccYW6m5C.s:940    .data.Mpu6050_GyroSensi:00000000 Mpu6050_GyroSensi
C:\Users\sangt\AppData\Local\Temp\ccYW6m5C.s:933    .data.Mpu6050_AcceSensi:00000000 Mpu6050_AcceSensi
C:\Users\sangt\AppData\Local\Temp\ccYW6m5C.s:881    .bss.AccRaw:00000000 $d
C:\Users\sangt\AppData\Local\Temp\ccYW6m5C.s:885    .bss.AccRaw:00000000 AccRaw
C:\Users\sangt\AppData\Local\Temp\ccYW6m5C.s:888    .bss.AccScaled:00000000 $d
C:\Users\sangt\AppData\Local\Temp\ccYW6m5C.s:892    .bss.AccScaled:00000000 AccScaled
C:\Users\sangt\AppData\Local\Temp\ccYW6m5C.s:895    .bss.GyroRaw:00000000 $d
C:\Users\sangt\AppData\Local\Temp\ccYW6m5C.s:899    .bss.GyroRaw:00000000 GyroRaw
C:\Users\sangt\AppData\Local\Temp\ccYW6m5C.s:902    .bss.GyroScaled:00000000 $d
C:\Users\sangt\AppData\Local\Temp\ccYW6m5C.s:906    .bss.GyroScaled:00000000 GyroScaled
C:\Users\sangt\AppData\Local\Temp\ccYW6m5C.s:912    .bss.State:00000000 State
C:\Users\sangt\AppData\Local\Temp\ccYW6m5C.s:913    .bss.State:00000000 $d
C:\Users\sangt\AppData\Local\Temp\ccYW6m5C.s:915    .bss.mpuHandle:00000000 $d
C:\Users\sangt\AppData\Local\Temp\ccYW6m5C.s:922    .bss.mpuhi2c:00000000 $d
C:\Users\sangt\AppData\Local\Temp\ccYW6m5C.s:929    .data.Mpu6050_AcceSensi:00000000 $d
C:\Users\sangt\AppData\Local\Temp\ccYW6m5C.s:936    .data.Mpu6050_GyroSensi:00000000 $d
C:\Users\sangt\AppData\Local\Temp\ccYW6m5C.s:343    .text.MPU6050_Init:000000fb $d
C:\Users\sangt\AppData\Local\Temp\ccYW6m5C.s:343    .text.MPU6050_Init:000000fc $t
C:\Users\sangt\AppData\Local\Temp\ccYW6m5C.s:382    .text.MPU6050_Init:00000125 $d
C:\Users\sangt\AppData\Local\Temp\ccYW6m5C.s:382    .text.MPU6050_Init:00000126 $t

UNDEFINED SYMBOLS
HAL_I2C_Mem_Read
HAL_I2C_Mem_Write
memcpy
